[2018-11-11 20:05:41] request.ERROR: Symfony\Component\HttpKernel\Exception\NotFoundHttpException: No route found for "GET /" (uncaught exception) at C:\coding\Projects\IW7-TOP100\vendor\symfony\symfony\src\Symfony\Component\HttpKernel\EventListener\RouterListener.php line 92 [] []
[2018-11-11 20:05:54] request.ERROR: Symfony\Component\HttpKernel\Exception\NotFoundHttpException: No route found for "GET /" (uncaught exception) at C:\coding\Projects\IW7-TOP100\vendor\symfony\symfony\src\Symfony\Component\HttpKernel\EventListener\RouterListener.php line 92 [] []
[2018-11-11 20:05:56] request.ERROR: Symfony\Component\HttpKernel\Exception\NotFoundHttpException: No route found for "GET /" (uncaught exception) at C:\coding\Projects\IW7-TOP100\app\cache\prod\classes.php line 5194 [] []
[2018-11-11 20:06:36] request.ERROR: Symfony\Component\HttpKernel\Exception\NotFoundHttpException: No route found for "GET /" (uncaught exception) at C:\coding\Projects\IW7-TOP100\app\cache\prod\classes.php line 5194 [] []
[2018-11-11 20:06:50] request.ERROR: Symfony\Component\HttpKernel\Exception\NotFoundHttpException: No route found for "GET /" (uncaught exception) at C:\coding\Projects\IW7-TOP100\app\cache\prod\classes.php line 5194 [] []
[2018-11-11 20:06:51] request.ERROR: Symfony\Component\HttpKernel\Exception\NotFoundHttpException: No route found for "GET /" (uncaught exception) at C:\coding\Projects\IW7-TOP100\app\cache\prod\classes.php line 5194 [] []
[2018-11-11 20:06:51] request.ERROR: Symfony\Component\HttpKernel\Exception\NotFoundHttpException: No route found for "GET /" (uncaught exception) at C:\coding\Projects\IW7-TOP100\app\cache\prod\classes.php line 5194 [] []
[2018-11-11 20:07:03] request.ERROR: Symfony\Component\HttpKernel\Exception\NotFoundHttpException: No route found for "GET /" (uncaught exception) at C:\coding\Projects\IW7-TOP100\app\cache\prod\classes.php line 5194 [] []
[2018-11-11 20:07:51] request.ERROR: Symfony\Component\HttpKernel\Exception\NotFoundHttpException: No route found for "GET /Symfony2/web/config.php" (uncaught exception) at C:\coding\Projects\IW7-TOP100\app\cache\prod\classes.php line 5194 [] []
[2018-11-11 20:29:23] request.ERROR: Symfony\Component\HttpKernel\Exception\NotFoundHttpException: No route found for "GET /" (uncaught exception) at C:\coding\Projects\IW7-TOP100\app\cache\prod\classes.php line 5194 [] []
[2018-11-11 20:29:27] request.ERROR: Symfony\Component\HttpKernel\Exception\NotFoundHttpException: No route found for "GET /demo/secured/login" (uncaught exception) at C:\coding\Projects\IW7-TOP100\app\cache\prod\classes.php line 5194 [] []
[2018-11-11 20:29:39] request.ERROR: Symfony\Component\HttpKernel\Exception\NotFoundHttpException: No route found for "GET /" (uncaught exception) at C:\coding\Projects\IW7-TOP100\app\cache\prod\classes.php line 5194 [] []
[2018-11-11 20:31:38] request.ERROR: Symfony\Component\HttpKernel\Exception\NotFoundHttpException: No route found for "GET /" (uncaught exception) at C:\coding\Projects\IW7-TOP100\app\cache\prod\classes.php line 5194 [] []
[2018-11-11 20:37:27] request.ERROR: Symfony\Component\HttpKernel\Exception\NotFoundHttpException: No route found for "GET /" (uncaught exception) at C:\coding\Projects\IW7-TOP100\app\cache\prod\classes.php line 5194 [] []
[2018-11-11 20:37:40] request.ERROR: Symfony\Component\HttpKernel\Exception\NotFoundHttpException: No route found for "GET /check.pg" (uncaught exception) at C:\coding\Projects\IW7-TOP100\app\cache\prod\classes.php line 5194 [] []
[2018-11-11 20:37:43] request.ERROR: Symfony\Component\HttpKernel\Exception\NotFoundHttpException: No route found for "GET /check.php" (uncaught exception) at C:\coding\Projects\IW7-TOP100\app\cache\prod\classes.php line 5194 [] []
[2018-11-11 20:38:23] request.ERROR: Symfony\Component\HttpKernel\Exception\NotFoundHttpException: No route found for "GET /index.php" (uncaught exception) at C:\coding\Projects\IW7-TOP100\app\cache\prod\classes.php line 5194 [] []
[2018-11-11 20:38:32] request.ERROR: Symfony\Component\HttpKernel\Exception\NotFoundHttpException: No route found for "GET /index.php" (uncaught exception) at C:\coding\Projects\IW7-TOP100\app\cache\prod\classes.php line 5194 [] []
[2018-11-11 20:38:35] request.ERROR: Symfony\Component\HttpKernel\Exception\NotFoundHttpException: No route found for "GET /index.html" (uncaught exception) at C:\coding\Projects\IW7-TOP100\app\cache\prod\classes.php line 5194 [] []
[2018-11-11 20:38:45] request.ERROR: Symfony\Component\HttpKernel\Exception\NotFoundHttpException: No route found for "GET /index.html" (uncaught exception) at C:\coding\Projects\IW7-TOP100\app\cache\prod\classes.php line 5194 [] []
[2018-11-11 20:38:46] request.ERROR: Symfony\Component\HttpKernel\Exception\NotFoundHttpException: No route found for "GET /index.html" (uncaught exception) at C:\coding\Projects\IW7-TOP100\app\cache\prod\classes.php line 5194 [] []
[2018-11-11 20:38:49] request.ERROR: Symfony\Component\HttpKernel\Exception\NotFoundHttpException: No route found for "GET /" (uncaught exception) at C:\coding\Projects\IW7-TOP100\app\cache\prod\classes.php line 5194 [] []
[2018-11-11 20:48:05] request.ERROR: Symfony\Component\HttpKernel\Exception\NotFoundHttpException: No route found for "GET /demo" (uncaught exception) at C:\coding\Projects\IW7-TOP100\app\cache\prod\classes.php line 5194 [] []
